piano-teacher-v2/app/build/intermediates/manifest_merge_blame_file/release/processReleaseMainManifest/manifest-merger-blame-release-report.txt
1<?xml version="1.0" encoding="utf-8"?>
2<manifest xmlns:android="http://schemas.android.com/apk/res/android"
3    package="com.tobietheunknown.pianoteacher"
4    android:versionCode="2"
5    android:versionName="2.2.0" >
6
7    <uses-sdk
8        android:minSdkVersion="29"
9        android:targetSdkVersion="35" />
10
11    <!-- MIDI -->
12    <uses-feature
12-->src/main/AndroidManifest.xml:5:5-87
13        android:name="android.hardware.usb.host"
13-->src/main/AndroidManifest.xml:5:19-59
14        android:required="false" />
14-->src/main/AndroidManifest.xml:5:60-84
15
16    <uses-permission
16-->src/main/AndroidManifest.xml:6:5-95
17        android:name="android.permission.BLUETOOTH"
17-->src/main/AndroidManifest.xml:6:22-65
18        android:maxSdkVersion="30" />
18-->src/main/AndroidManifest.xml:6:66-92
19    <uses-permission
19-->src/main/AndroidManifest.xml:7:5-101
20        android:name="android.permission.BLUETOOTH_ADMIN"
20-->src/main/AndroidManifest.xml:7:22-71
21        android:maxSdkVersion="30" />
21-->src/main/AndroidManifest.xml:7:72-98
22    <uses-permission android:name="android.permission.BLUETOOTH_CONNECT" />
22-->src/main/AndroidManifest.xml:8:5-76
22-->src/main/AndroidManifest.xml:8:22-73
23    <uses-permission
23-->src/main/AndroidManifest.xml:9:5-10:58
24        android:name="android.permission.BLUETOOTH_SCAN"
24-->src/main/AndroidManifest.xml:9:22-70
25        android:usesPermissionFlags="neverForLocation" />
25-->src/main/AndroidManifest.xml:10:9-55
26    <!-- Required for BLE scanning on Android ≤11 -->
27    <uses-permission
27-->src/main/AndroidManifest.xml:12:5-13:38
28        android:name="android.permission.ACCESS_FINE_LOCATION"
28-->src/main/AndroidManifest.xml:12:22-76
29        android:maxSdkVersion="30" />
29-->src/main/AndroidManifest.xml:13:9-35
30
31    <permission
31-->[androidx.core:core:1.13.1] AndroidManifest.xml:22:5-24:47
32        android:name="com.tobietheunknown.pianoteacher.DYNAMIC_RECEIVER_NOT_EXPORTED_PERMISSION"
32-->[androidx.core:core:1.13.1] AndroidManifest.xml:23:9-81
33        android:protectionLevel="signature" />
33-->[androidx.core:core:1.13.1] AndroidManifest.xml:24:9-44
34
35    <uses-permission android:name="com.tobietheunknown.pianoteacher.DYNAMIC_RECEIVER_NOT_EXPORTED_PERMISSION" />
35-->[androidx.core:core:1.13.1] AndroidManifest.xml:26:5-97
35-->[androidx.core:core:1.13.1] AndroidManifest.xml:26:22-94
36
37    <application
37-->src/main/AndroidManifest.xml:15:5-61:19
38        android:allowBackup="true"
38-->src/main/AndroidManifest.xml:17:9-35
39        android:appComponentFactory="androidx.core.app.CoreComponentFactory"
39-->[androidx.core:core:1.13.1] AndroidManifest.xml:28:18-86
40        android:enableOnBackInvokedCallback="true"
40-->src/main/AndroidManifest.xml:16:9-51
41        android:extractNativeLibs="false"
42        android:icon="@drawable/ic_launcher"
42-->src/main/AndroidManifest.xml:19:9-45
43        android:label="Piano Teacher"
43-->src/main/AndroidManifest.xml:18:9-38
44        android:roundIcon="@drawable/ic_launcher"
44-->src/main/AndroidManifest.xml:20:9-50
45        android:supportsRtl="true"
45-->src/main/AndroidManifest.xml:21:9-35
46        android:theme="@style/Theme.PianoTeacher" >
46-->src/main/AndroidManifest.xml:22:9-50
47        <activity
47-->src/main/AndroidManifest.xml:24:9-60:20
48            android:name="com.tobietheunknown.pianoteacher.MainActivity"
48-->src/main/AndroidManifest.xml:25:13-41
49            android:exported="true"
49-->src/main/AndroidManifest.xml:26:13-36
50            android:windowLayoutInDisplayCutoutMode="shortEdges"
50-->src/main/AndroidManifest.xml:28:13-65
51            android:windowSoftInputMode="adjustResize" >
51-->src/main/AndroidManifest.xml:27:13-55
52            <intent-filter>
52-->src/main/AndroidManifest.xml:29:13-32:29
53                <action android:name="android.intent.action.MAIN" />
53-->src/main/AndroidManifest.xml:30:17-69
53-->src/main/AndroidManifest.xml:30:25-66
54
55                <category android:name="android.intent.category.LAUNCHER" />
55-->src/main/AndroidManifest.xml:31:17-77
55-->src/main/AndroidManifest.xml:31:27-74
56            </intent-filter>
57
58            <!-- Import .json depuis d'autres apps -->
59            <intent-filter>
59-->src/main/AndroidManifest.xml:35:13-39:29
60                <action android:name="android.intent.action.VIEW" />
60-->src/main/AndroidManifest.xml:36:17-69
60-->src/main/AndroidManifest.xml:36:25-66
61
62                <category android:name="android.intent.category.DEFAULT" />
62-->src/main/AndroidManifest.xml:37:17-76
62-->src/main/AndroidManifest.xml:37:27-73
63
64                <data android:mimeType="application/json" />
64-->src/main/AndroidManifest.xml:38:17-61
64-->src/main/AndroidManifest.xml:38:23-58
65            </intent-filter>
66
67            <!-- Import .mid -->
68            <intent-filter>
68-->src/main/AndroidManifest.xml:42:13-46:29
69                <action android:name="android.intent.action.VIEW" />
69-->src/main/AndroidManifest.xml:36:17-69
69-->src/main/AndroidManifest.xml:36:25-66
70
71                <category android:name="android.intent.category.DEFAULT" />
71-->src/main/AndroidManifest.xml:37:17-76
71-->src/main/AndroidManifest.xml:37:27-73
72
73                <data android:mimeType="audio/midi" />
73-->src/main/AndroidManifest.xml:38:17-61
73-->src/main/AndroidManifest.xml:38:23-58
74            </intent-filter>
75            <intent-filter>
75-->src/main/AndroidManifest.xml:47:13-51:29
76                <action android:name="android.intent.action.VIEW" />
76-->src/main/AndroidManifest.xml:36:17-69
76-->src/main/AndroidManifest.xml:36:25-66
77
78                <category android:name="android.intent.category.DEFAULT" />
78-->src/main/AndroidManifest.xml:37:17-76
78-->src/main/AndroidManifest.xml:37:27-73
79
80                <data android:mimeType="audio/x-midi" />
80-->src/main/AndroidManifest.xml:38:17-61
80-->src/main/AndroidManifest.xml:38:23-58
81            </intent-filter>
82
83            <!-- USB MIDI device attach -->
84            <intent-filter>
84-->src/main/AndroidManifest.xml:54:13-56:29
85                <action android:name="android.hardware.usb.action.USB_DEVICE_ATTACHED" />
85-->src/main/AndroidManifest.xml:55:17-90
85-->src/main/AndroidManifest.xml:55:25-87
86            </intent-filter>
87
88            <meta-data
88-->src/main/AndroidManifest.xml:57:13-59:61
89                android:name="android.hardware.usb.action.USB_DEVICE_ATTACHED"
89-->src/main/AndroidManifest.xml:58:17-79
90                android:resource="@xml/usb_device_filter" />
90-->src/main/AndroidManifest.xml:59:17-58
91        </activity>
92
93        <provider
93-->[androidx.lifecycle:lifecycle-process:2.8.6] AndroidManifest.xml:24:9-32:20
94            android:name="androidx.startup.InitializationProvider"
94-->[androidx.lifecycle:lifecycle-process:2.8.6] AndroidManifest.xml:25:13-67
95            android:authorities="com.tobietheunknown.pianoteacher.androidx-startup"
95-->[androidx.lifecycle:lifecycle-process:2.8.6] AndroidManifest.xml:26:13-68
96            android:exported="false" >
96-->[androidx.lifecycle:lifecycle-process:2.8.6] AndroidManifest.xml:27:13-37
97            <meta-data
97-->[androidx.lifecycle:lifecycle-process:2.8.6] AndroidManifest.xml:29:13-31:52
98                android:name="androidx.lifecycle.ProcessLifecycleInitializer"
98-->[androidx.lifecycle:lifecycle-process:2.8.6] AndroidManifest.xml:30:17-78
99                android:value="androidx.startup" />
99-->[androidx.lifecycle:lifecycle-process:2.8.6] AndroidManifest.xml:31:17-49
100            <meta-data
100-->[androidx.emoji2:emoji2:1.3.0] AndroidManifest.xml:29:13-31:52
101                android:name="androidx.emoji2.text.EmojiCompatInitializer"
101-->[androidx.emoji2:emoji2:1.3.0] AndroidManifest.xml:30:17-75
102                android:value="androidx.startup" />
102-->[androidx.emoji2:emoji2:1.3.0] AndroidManifest.xml:31:17-49
103            <meta-data
103-->[androidx.profileinstaller:profileinstaller:1.3.1] AndroidManifest.xml:29:13-31:52
104                android:name="androidx.profileinstaller.ProfileInstallerInitializer"
104-->[androidx.profileinstaller:profileinstaller:1.3.1] AndroidManifest.xml:30:17-85
105                android:value="androidx.startup" />
105-->[androidx.profileinstaller:profileinstaller:1.3.1] AndroidManifest.xml:31:17-49
106        </provider>
107
108        <service
108-->[androidx.room:room-runtime:2.6.1] AndroidManifest.xml:24:9-28:63
109            android:name="androidx.room.MultiInstanceInvalidationService"
109-->[androidx.room:room-runtime:2.6.1] AndroidManifest.xml:25:13-74
110            android:directBootAware="true"
110-->[androidx.room:room-runtime:2.6.1] AndroidManifest.xml:26:13-43
111            android:exported="false" />
111-->[androidx.room:room-runtime:2.6.1] AndroidManifest.xml:27:13-37
112
113        <receiver
113-->[androidx.profileinstaller:profileinstaller:1.3.1] AndroidManifest.xml:34:9-52:20
114            android:name="androidx.profileinstaller.ProfileInstallReceiver"
114-->[androidx.profileinstaller:profileinstaller:1.3.1] AndroidManifest.xml:35:13-76
115            android:directBootAware="false"
115-->[androidx.profileinstaller:profileinstaller:1.3.1] AndroidManifest.xml:36:13-44
116            android:enabled="true"
116-->[androidx.profileinstaller:profileinstaller:1.3.1] AndroidManifest.xml:37:13-35
117            android:exported="true"
117-->[androidx.profileinstaller:profileinstaller:1.3.1] AndroidManifest.xml:38:13-36
118            android:permission="android.permission.DUMP" >
118-->[androidx.profileinstaller:profileinstaller:1.3.1] AndroidManifest.xml:39:13-57
119            <intent-filter>
119-->[androidx.profileinstaller:profileinstaller:1.3.1] AndroidManifest.xml:40:13-42:29
120                <action android:name="androidx.profileinstaller.action.INSTALL_PROFILE" />
120-->[androidx.profileinstaller:profileinstaller:1.3.1] AndroidManifest.xml:41:17-91
120-->[androidx.profileinstaller:profileinstaller:1.3.1] AndroidManifest.xml:41:25-88
121            </intent-filter>
122            <intent-filter>
122-->[androidx.profileinstaller:profileinstaller:1.3.1] AndroidManifest.xml:43:13-45:29
123                <action android:name="androidx.profileinstaller.action.SKIP_FILE" />
123-->[androidx.profileinstaller:profileinstaller:1.3.1] AndroidManifest.xml:44:17-85
123-->[androidx.profileinstaller:profileinstaller:1.3.1] AndroidManifest.xml:44:25-82
124            </intent-filter>
125            <intent-filter>
125-->[androidx.profileinstaller:profileinstaller:1.3.1] AndroidManifest.xml:46:13-48:29
126                <action android:name="androidx.profileinstaller.action.SAVE_PROFILE" />
126-->[androidx.profileinstaller:profileinstaller:1.3.1] AndroidManifest.xml:47:17-88
126-->[androidx.profileinstaller:profileinstaller:1.3.1] AndroidManifest.xml:47:25-85
127            </intent-filter>
128            <intent-filter>
128-->[androidx.profileinstaller:profileinstaller:1.3.1] AndroidManifest.xml:49:13-51:29
129                <action android:name="androidx.profileinstaller.action.BENCHMARK_OPERATION" />
129-->[androidx.profileinstaller:profileinstaller:1.3.1] AndroidManifest.xml:50:17-95
129-->[androidx.profileinstaller:profileinstaller:1.3.1] AndroidManifest.xml:50:25-92
130            </intent-filter>
131        </receiver>
132    </application>
133
134</manifest>